<?xml version="1.0" encoding="utf-8"?>
<?xml-stylesheet type="text/xsl" href="TestResults.xsl"?>
<assemblies timestamp="12/17/2019 23:34:34">
  <assembly name="C:\Users\Lumi\source\repos\ChristmasCalendar\src\joulukalenteriTests\bin\Debug\netcoreapp3.0\joulukalenteriTests.dll" run-date="2019-12-17" run-time="23:34:34" total="35" passed="35" failed="0" skipped="0" time="1.692" errors="0">
    <errors />
    <collection total="2" passed="2" failed="0" skipped="0" name="Test collection for joulukalenteriTests.ArchiveTest" time="0.245">
      <test name="joulukalenteriTests.ArchiveTest.ClientSideTest" type="joulukalenteriTests.ArchiveTest" method="ClientSideTest" time="0.1765271" result="Pass">
        <traits />
      </test>
      <test name="joulukalenteriTests.ArchiveTest.ServerSideTest" type="joulukalenteriTests.ArchiveTest" method="ServerSideTest" time="0.0683015" result="Pass">
        <traits />
      </test>
    </collection>
    <collection total="13" passed="13" failed="0" skipped="0" name="Test collection for joulukalenteriTests.CalendarTest" time="0.161">
      <test name="joulukalenteriTests.CalendarTest.OpenByYearTest(fakeday: 2020-08-12T00:00:00.0000000, openyear: 2018, openday: 6, isOpen: True)" type="joulukalenteriTests.CalendarTest" method="OpenByYearTest" time="0.1594383" result="Pass">
        <traits />
      </test>
      <test name="joulukalenteriTests.CalendarTest.OpenByYearTest(fakeday: 2019-12-15T00:00:00.0000000, openyear: 2018, openday: 2, isOpen: True)" type="joulukalenteriTests.CalendarTest" method="OpenByYearTest" time="0.0001751" result="Pass">
        <traits />
      </test>
      <test name="joulukalenteriTests.CalendarTest.OpenByYearTest(fakeday: 2021-06-05T00:00:00.0000000, openyear: 2022, openday: 3, isOpen: False)" type="joulukalenteriTests.CalendarTest" method="OpenByYearTest" time="0.0000839" result="Pass">
        <traits />
      </test>
      <test name="joulukalenteriTests.CalendarTest.OpenByYearTest(fakeday: 2020-11-11T00:00:00.0000000, openyear: 2020, openday: 12, isOpen: False)" type="joulukalenteriTests.CalendarTest" method="OpenByYearTest" time="0.0004899" result="Pass">
        <traits />
      </test>
      <test name="joulukalenteriTests.CalendarTest.OpenByYearTest(fakeday: 2021-12-26T00:00:00.0000000, openyear: 2021, openday: 25, isOpen: True)" type="joulukalenteriTests.CalendarTest" method="OpenByYearTest" time="0.0000924" result="Pass">
        <traits />
      </test>
      <test name="joulukalenteriTests.CalendarTest.OpenByYearTest(fakeday: 2020-12-22T00:00:00.0000000, openyear: 2019, openday: 21, isOpen: True)" type="joulukalenteriTests.CalendarTest" method="OpenByYearTest" time="0.0000708" result="Pass">
        <traits />
      </test>
      <test name="joulukalenteriTests.CalendarTest.OpenByDateTest(fakeday: 2020-11-11T00:00:00.0000000, openday: 12, isOpen: False)" type="joulukalenteriTests.CalendarTest" method="OpenByDateTest" time="0.0005315" result="Pass">
        <traits />
      </test>
      <test name="joulukalenteriTests.CalendarTest.OpenByDateTest(fakeday: 2022-08-12T00:00:00.0000000, openday: 3, isOpen: False)" type="joulukalenteriTests.CalendarTest" method="OpenByDateTest" time="0.0000671" result="Pass">
        <traits />
      </test>
      <test name="joulukalenteriTests.CalendarTest.OpenByDateTest(fakeday: 2021-12-05T00:00:00.0000000, openday: 19, isOpen: False)" type="joulukalenteriTests.CalendarTest" method="OpenByDateTest" time="0.0000606" result="Pass">
        <traits />
      </test>
      <test name="joulukalenteriTests.CalendarTest.OpenByDateTest(fakeday: 2021-06-01T00:00:00.0000000, openday: 1, isOpen: False)" type="joulukalenteriTests.CalendarTest" method="OpenByDateTest" time="0.0000590" result="Pass">
        <traits />
      </test>
      <test name="joulukalenteriTests.CalendarTest.OpenByDateTest(fakeday: 2020-12-22T00:00:00.0000000, openday: 21, isOpen: True)" type="joulukalenteriTests.CalendarTest" method="OpenByDateTest" time="0.0000613" result="Pass">
        <traits />
      </test>
      <test name="joulukalenteriTests.CalendarTest.OpenByDateTest(fakeday: 2021-12-26T00:00:00.0000000, openday: 25, isOpen: True)" type="joulukalenteriTests.CalendarTest" method="OpenByDateTest" time="0.0000718" result="Pass">
        <traits />
      </test>
      <test name="joulukalenteriTests.CalendarTest.OpenByDateTest(fakeday: 2019-12-15T00:00:00.0000000, openday: 15, isOpen: True)" type="joulukalenteriTests.CalendarTest" method="OpenByDateTest" time="0.0000837" result="Pass">
        <traits />
      </test>
    </collection>
    <collection total="1" passed="1" failed="0" skipped="0" name="Test collection for joulukalenteriTests.Integration.ArchiveOpenTest" time="0.507">
      <test name="joulukalenteriTests.Integration.ArchiveOpenTest.ArchiveTest" type="joulukalenteriTests.Integration.ArchiveOpenTest" method="ArchiveTest" time="0.5074215" result="Pass">
        <traits />
      </test>
    </collection>
    <collection total="1" passed="1" failed="0" skipped="0" name="Test collection for joulukalenteriTests.Integration.CalendarOpenTest" time="0.347">
      <test name="joulukalenteriTests.Integration.CalendarOpenTest.ReadAndParseTest" type="joulukalenteriTests.Integration.CalendarOpenTest" method="ReadAndParseTest" time="0.3467393" result="Pass">
        <traits />
      </test>
    </collection>
    <collection total="5" passed="5" failed="0" skipped="0" name="Test collection for joulukalenteriTests.ParseTest" time="0.300">
      <test name="joulukalenteriTests.ParseTest.DataParserTest(day: 1, input: &quot;notitle\n\nasdf&quot;, title: &quot;Day 1&quot;, summary: &quot;notitle&quot;, content: &quot;&lt;p&gt;notitle&lt;/p&gt;\n&lt;p&gt;asdf&lt;/p&gt;\n&quot;)" type="joulukalenteriTests.ParseTest" method="DataParserTest" time="0.2630397" result="Pass">
        <traits />
      </test>
      <test name="joulukalenteriTests.ParseTest.DataParserTest(day: 1, input: &quot;aaa\n# asdf\n&quot;, title: &quot;asdf&quot;, summary: &quot;aaa&quot;, content: &quot;&lt;p&gt;aaa&lt;/p&gt;\n&quot;)" type="joulukalenteriTests.ParseTest" method="DataParserTest" time="0.0165247" result="Pass">
        <traits />
      </test>
      <test name="joulukalenteriTests.ParseTest.DataParserTest(day: 1, input: &quot;aaaaaaaaaaaaaaaaaaaaaaaaaaaaaaaaaaaaaaaaaaaaaaaaaa&quot;..., title: &quot;mytitle&quot;, summary: &quot;aaaaaaaaaaaaaaaaaaaaaaaaaaaaaaaaaaaaaaaaaaaaaaaaaa&quot;..., content: &quot;&lt;p&gt;aaaaaaaaaaaaaaaaaaaaaaaaaaaaaaaaaaaaaaaaaaaaaaa&quot;...)" type="joulukalenteriTests.ParseTest" method="DataParserTest" time="0.0075017" result="Pass">
        <traits />
      </test>
      <test name="joulukalenteriTests.ParseTest.DataParserTest(day: 1, input: &quot;# asdf\n&quot;, title: &quot;asdf&quot;, summary: &quot;&quot;, content: &quot;&quot;)" type="joulukalenteriTests.ParseTest" method="DataParserTest" time="0.0013518" result="Pass">
        <traits />
      </test>
      <test name="joulukalenteriTests.ParseTest.DataParserTest(day: 1, input: &quot;aaa\n# asdf\nghi\n&quot;, title: &quot;asdf&quot;, summary: &quot;aaa&quot;, content: &quot;&lt;p&gt;aaa&lt;/p&gt;\n&lt;p&gt;ghi&lt;/p&gt;\n&quot;)" type="joulukalenteriTests.ParseTest" method="DataParserTest" time="0.0115454" result="Pass">
        <traits />
      </test>
    </collection>
    <collection total="11" passed="11" failed="0" skipped="0" name="Test collection for joulukalenteriTests.ReadTest" time="0.108">
      <test name="joulukalenteriTests.ReadTest.ServerReadDayTest(day: 10, success: True)" type="joulukalenteriTests.ReadTest" method="ServerReadDayTest" time="0.0964150" result="Pass">
        <traits />
      </test>
      <test name="joulukalenteriTests.ReadTest.ServerReadDayTest(day: 11, success: False)" type="joulukalenteriTests.ReadTest" method="ServerReadDayTest" time="0.0008057" result="Pass">
        <traits />
      </test>
      <test name="joulukalenteriTests.ReadTest.ServerReadDayTest(day: 26, success: False)" type="joulukalenteriTests.ReadTest" method="ServerReadDayTest" time="0.0005540" result="Pass">
        <traits />
      </test>
      <test name="joulukalenteriTests.ReadTest.ServerReadDayTest(day: 0, success: False)" type="joulukalenteriTests.ReadTest" method="ServerReadDayTest" time="0.0006105" result="Pass">
        <traits />
      </test>
      <test name="joulukalenteriTests.ReadTest.ServerReadDayTest(day: 9, success: True)" type="joulukalenteriTests.ReadTest" method="ServerReadDayTest" time="0.0011183" result="Pass">
        <traits />
      </test>
      <test name="joulukalenteriTests.ReadTest.ServerReadYearTest(today: 2019-12-31T00:00:00.0000000, year: 2019, day: 26, isValidDate: False)" type="joulukalenteriTests.ReadTest" method="ServerReadYearTest" time="0.0010016" result="Pass">
        <traits />
      </test>
      <test name="joulukalenteriTests.ReadTest.ServerReadYearTest(today: 2019-12-22T00:00:00.0000000, year: 2020, day: 1, isValidDate: False)" type="joulukalenteriTests.ReadTest" method="ServerReadYearTest" time="0.0011763" result="Pass">
        <traits />
      </test>
      <test name="joulukalenteriTests.ReadTest.ServerReadYearTest(today: 2019-12-01T00:00:00.0000000, year: 2018, day: 25, isValidDate: True)" type="joulukalenteriTests.ReadTest" method="ServerReadYearTest" time="0.0030744" result="Pass">
        <traits />
      </test>
      <test name="joulukalenteriTests.ReadTest.ServerReadYearTest(today: 2019-12-24T00:00:00.0000000, year: 2019, day: 5, isValidDate: True)" type="joulukalenteriTests.ReadTest" method="ServerReadYearTest" time="0.0013491" result="Pass">
        <traits />
      </test>
      <test name="joulukalenteriTests.ReadTest.ServerReadYearTest(today: 2019-12-01T00:00:00.0000000, year: 2018, day: 99, isValidDate: False)" type="joulukalenteriTests.ReadTest" method="ServerReadYearTest" time="0.0007704" result="Pass">
        <traits />
      </test>
      <test name="joulukalenteriTests.ReadTest.ServerReadYearTest(today: 2019-12-24T00:00:00.0000000, year: 2019, day: 24, isValidDate: True)" type="joulukalenteriTests.ReadTest" method="ServerReadYearTest" time="0.0015669" result="Pass">
        <traits />
      </test>
    </collection>
    <collection total="2" passed="2" failed="0" skipped="0" name="Test collection for joulukalenteriTests.ShuffleTest" time="0.024">
      <test name="joulukalenteriTests.ShuffleTest.ValidShuffleTest" type="joulukalenteriTests.ShuffleTest" method="ValidShuffleTest" time="0.0132490" result="Pass">
        <traits />
      </test>
      <test name="joulukalenteriTests.ShuffleTest.ShuffleConsistenceTest" type="joulukalenteriTests.ShuffleTest" method="ShuffleConsistenceTest" time="0.0104174" result="Pass">
        <traits />
      </test>
    </collection>
  </assembly>
</assemblies>